{"opwikiID": "Billy_(Pirate)", "raw": null, "reason": "missing or unparseable debut_chapter"}
{"opwikiID": "Ayes\u00e9_Mar", "raw": null, "reason": "missing or unparseable debut_chapter"}
{"opwikiID": "Super_Spot-Billed_Duck_Troops", "raw": null, "reason": "missing or unparseable debut_chapter"}
{"opwikiID": "D.R.", "raw": null, "reason": "missing or unparseable debut_chapter"}
{"opwikiID": "Draw", "raw": null, "reason": "missing or unparseable debut_chapter"}
{"opwikiID": "Fugetsu_Kisaburo", "raw": null, "reason": "missing or unparseable debut_chapter"}
{"opwikiID": "Fukumi", "raw": null, "reason": "missing or unparseable debut_chapter"}
{"opwikiID": "Belly#Overview", "raw": null, "reason": "missing or unparseable debut_chapter"}
{"opwikiID": "Hanafuda", "raw": null, "reason": "missing or unparseable debut_chapter"}
{"opwikiID": "Minatomo_(East_Blue)", "raw": null, "reason": "missing or unparseable debut_chapter"}
{"opwikiID": "Nyornyo_Nyarmani", "raw": null, "reason": "missing or unparseable debut_chapter"}
{"opwikiID": "Pacifista", "raw": null, "reason": "missing or unparseable debut_chapter"}
{"opwikiID": "Shimotsuki_Furiko", "raw": null, "reason": "missing or unparseable debut_chapter"}
{"opwikiID": "Teru", "raw": null, "reason": "missing or unparseable debut_chapter"}
{"opwikiID": "Unforgivable_Mask", "raw": null, "reason": "missing or unparseable debut_chapter"}
{"opwikiID": "Victoria_Shiruton_Doruyanaika", "raw": null, "reason": "missing or unparseable debut_chapter"}
{"opwikiID": "Cyrano", "raw": null, "reason": "missing or unparseable debut_chapter"}
{"opwikiID": "Isuka", "raw": null, "reason": "missing or unparseable debut_chapter"}
{"opwikiID": "Komakkov", "raw": null, "reason": "missing or unparseable debut_chapter"}
{"opwikiID": "Kumadori_Yamanbako", "raw": null, "reason": "missing or unparseable debut_chapter"}
{"opwikiID": "Raccoon", "raw": null, "reason": "missing or unparseable debut_chapter"}
{"opwikiID": "Roronoa_Pinzoro", "raw": null, "reason": "missing or unparseable debut_chapter"}
{"opwikiID": "Bjorn", "raw": null, "reason": "missing or unparseable debut_chapter"}
{"opwikiID": "Charlotte_Gala", "raw": null, "reason": "missing or unparseable debut_chapter"}
{"opwikiID": "Cowboy", "raw": null, "reason": "missing or unparseable debut_chapter"}
{"opwikiID": "Flare", "raw": null, "reason": "missing or unparseable debut_chapter"}
{"opwikiID": "George_Black", "raw": null, "reason": "missing or unparseable debut_chapter"}
{"opwikiID": "Zombie#Jack-in-the-Box", "raw": null, "reason": "missing or unparseable debut_chapter"}
{"opwikiID": "Jew_Wall", "raw": null, "reason": "missing or unparseable debut_chapter"}
{"opwikiID": "Kumae", "raw": null, "reason": "missing or unparseable debut_chapter"}
{"opwikiID": "Sapoten_Graveyard#Buried_People", "raw": null, "reason": "missing or unparseable debut_chapter"}
{"opwikiID": "Nazu_Ketagari", "raw": null, "reason": "missing or unparseable debut_chapter"}
{"opwikiID": "Oliva", "raw": null, "reason": "missing or unparseable debut_chapter"}
{"opwikiID": "Roche_Tomson", "raw": null, "reason": "missing or unparseable debut_chapter"}
{"opwikiID": "Roronoa_Arashi", "raw": null, "reason": "missing or unparseable debut_chapter"}
{"opwikiID": "Zombie#Rug_Bear", "raw": null, "reason": "missing or unparseable debut_chapter"}
{"opwikiID": "Sig", "raw": null, "reason": "missing or unparseable debut_chapter"}
{"opwikiID": "Sleepy", "raw": null, "reason": "missing or unparseable debut_chapter"}
{"opwikiID": "Stefan", "raw": null, "reason": "missing or unparseable debut_chapter"}
{"opwikiID": "Stomp", "raw": null, "reason": "missing or unparseable debut_chapter"}
{"opwikiID": "Tera", "raw": null, "reason": "missing or unparseable debut_chapter"}
{"opwikiID": "Vegapants", "raw": null, "reason": "missing or unparseable debut_chapter"}
{"opwikiID": "Zombie#Wall_Zombie", "raw": null, "reason": "missing or unparseable debut_chapter"}
{"opwikiID": "Willie_Gallon", "raw": null, "reason": "missing or unparseable debut_chapter"}
