{"action": "migrated", "char": "Terracotta", "from": "ArabastaKingdom", "to": "Arabasta Kingdom"}
{"action": "migrated", "char": "Hoe", "from": "KingNeptune", "to": "King Neptune"}
{"action": "migrated", "char": "Daddy_Dee", "from": "World GovernmentOrphanage", "to": "World Government Orphanage"}
{"action": "migrated", "char": "Mummy_Mee", "from": "World GovernmentOrphanage", "to": "World Government Orphanage"}
{"action": "migrated", "char": "Sugamichi_and_Warazane", "from": "FujinandRaijin", "to": "Fujin and Raijin"}
{"action": "migrated", "char": "Marshall_D._Teach", "from": "Whitebeard Pirates2nd Division", "to": "Whitebeard Pirates 2nd Division"}
{"action": "migrated", "char": "Nezumi", "from": "Marine16th Branch", "to": "Marine 16th Branch"}
{"action": "migrated", "char": "Vergo", "from": "MarineG-5", "to": "Marine G-5"}
{"action": "migrated", "char": "Stalker", "from": "MarinesG-1 Branch", "to": "Marines G-1 Branch"}
{"action": "migrated", "char": "Momonga", "from": "MarinesG-1 Branch", "to": "Marines G-1 Branch"}
{"action": "migrated", "char": "Zotto", "from": "MarinesG-1 Branch", "to": "Marines G-1 Branch"}
{"action": "migrated", "char": "Attach", "from": "MarinesPhotography Department", "to": "Marines Photography Department"}
{"action": "migrated", "char": "Moda", "from": "G-2Base", "to": "G-2 Base"}
{"action": "migrated", "char": "Tashigi", "from": "G-5Unit 01", "to": "G-5 Unit 01"}
{"action": "migrated", "char": "Jinbe", "from": "Ally of theBig Mom Pirates", "to": "Ally of the Big Mom Pirates"}
{"action": "migrated", "char": "Hody_Jones", "from": "Ally of theFlying Pirates", "to": "Ally of the Flying Pirates"}
{"action": "migrated", "char": "Vander_Decken_IX", "from": "Ally of theNew Fish-Man Pirates", "to": "Ally of the New Fish-Man Pirates"}
{"action": "migrated", "char": "Agsilly", "from": "Ally of theWhitebeard Pirates", "to": "Ally of the Whitebeard Pirates"}
{"action": "migrated", "char": "Amadob", "from": "Ally of theWhitebeard Pirates", "to": "Ally of the Whitebeard Pirates"}
{"action": "migrated", "char": "Choi", "from": "Ally of theWhitebeard Pirates", "to": "Ally of the Whitebeard Pirates"}
{"action": "migrated", "char": "Great_Michael", "from": "Ally of theWhitebeard Pirates", "to": "Ally of the Whitebeard Pirates"}
{"action": "migrated", "char": "Hangan", "from": "Ally of theWhitebeard Pirates", "to": "Ally of the Whitebeard Pirates"}
{"action": "migrated", "char": "Wallem", "from": "Ally of theWhitebeard Pirates", "to": "Ally of the Whitebeard Pirates"}
{"action": "migrated", "char": "Nosgarl", "from": "Ally of theWhitebeard Pirates", "to": "Ally of the Whitebeard Pirates"}
{"action": "migrated", "char": "Cands", "from": "Ally of theWhitebeard Pirates", "to": "Ally of the Whitebeard Pirates"}
{"action": "migrated", "char": "Ninth", "from": "Ally of theWhitebeard Pirates", "to": "Ally of the Whitebeard Pirates"}
{"action": "migrated", "char": "Palms", "from": "Ally of theWhitebeard Pirates", "to": "Ally of the Whitebeard Pirates"}
{"action": "migrated", "char": "Rush", "from": "Ally of theWhitebeard Pirates", "to": "Ally of the Whitebeard Pirates"}
{"action": "migrated", "char": "Sleepy", "from": "Ally of theWhitebeard Pirates", "to": "Ally of the Whitebeard Pirates"}
{"action": "migrated", "char": "Zucca", "from": "Ally of theWhitebeard Pirates", "to": "Ally of the Whitebeard Pirates"}
{"action": "migrated", "char": "Cocox", "from": "Animals of theIsland of Rare Animals", "to": "Animals of the Island of Rare Animals"}
{"action": "migrated", "char": "Kirinkodanuki", "from": "Animals of theIsland of Rare Animals", "to": "Animals of the Island of Rare Animals"}
{"action": "migrated", "char": "Lionbuta", "from": "Animals of theIsland of Rare Animals", "to": "Animals of the Island of Rare Animals"}
{"action": "migrated", "char": "Usagihebi", "from": "Animals of theIsland of Rare Animals", "to": "Animals of the Island of Rare Animals"}
{"action": "migrated", "char": "Bizarre", "from": "Subordinate of theWhitebeard Pirates", "to": "Subordinate of the Whitebeard Pirates"}
{"action": "migrated", "char": "Blondie", "from": "Subordinate of theWhitebeard Pirates", "to": "Subordinate of the Whitebeard Pirates"}
{"action": "migrated", "char": "Doma", "from": "Subordinate of theWhitebeard Pirates", "to": "Subordinate of the Whitebeard Pirates"}
{"action": "migrated", "char": "McGuy", "from": "Subordinate of theWhitebeard Pirates", "to": "Subordinate of the Whitebeard Pirates"}
{"action": "migrated", "char": "Ramba", "from": "Subordinate of theWhitebeard Pirates", "to": "Subordinate of the Whitebeard Pirates"}
{"action": "migrated", "char": "Delacuaji", "from": "Subordinate of theWhitebeard Pirates", "to": "Subordinate of the Whitebeard Pirates"}
{"action": "migrated", "char": "Elmy", "from": "Subordinate of theWhitebeard Pirates", "to": "Subordinate of the Whitebeard Pirates"}
{"action": "migrated", "char": "Little_Oars_Jr.", "from": "Subordinate of theWhitebeard Pirates", "to": "Subordinate of the Whitebeard Pirates"}
{"action": "migrated", "char": "Decalvan_Brothers", "from": "Subordinates of theWhitebeard Pirates", "to": "Subordinates of the Whitebeard Pirates"}
{"action": "migrated", "char": "Buggy", "from": "Buggy's Delivery(Unknown status)?", "to": "Buggy's Delivery"}
{"action": "migrated", "char": "Helmeppo", "from": "Marines(Headquarters", "to": "Marines"}
{"action": "migrated", "char": "Farul", "from": "Beautiful PiratesStraw Hat Grand Fleet", "to": "Beautiful Pirates"}
{"action": "migrated", "char": "Farul", "from": "Beautiful PiratesStraw Hat Grand Fleet", "to": "Straw Hat Grand Fleet"}
{"action": "migrated", "char": "Concelot", "from": "Inuarashi Musketeer SquadNinja-Pirate-Mink-Samurai Alliance", "to": "Inuarashi Musketeer Squad"}
{"action": "migrated", "char": "Concelot", "from": "Inuarashi Musketeer SquadNinja-Pirate-Mink-Samurai Alliance", "to": "Ninja-Pirate-Mink-Samurai Alliance"}
{"action": "migrated", "char": "Eustass_Kid", "from": "Kid PiratesNinja-Pirate-Mink-Samurai Alliance", "to": "Kid Pirates"}
{"action": "migrated", "char": "Eustass_Kid", "from": "Kid PiratesNinja-Pirate-Mink-Samurai Alliance", "to": "Ninja-Pirate-Mink-Samurai Alliance"}
{"action": "migrated", "char": "Eikon", "from": "Tonta CorpsStraw Hat Grand Fleet", "to": "Tonta Corps"}
{"action": "migrated", "char": "Eikon", "from": "Tonta CorpsStraw Hat Grand Fleet", "to": "Straw Hat Grand Fleet"}
{"action": "migrated", "char": "Baxcon", "from": "Tontatta KingdomScouting Unit", "to": "Tontatta Kingdom"}
{"action": "migrated", "char": "Cotton", "from": "Tontatta KingdomScouting Unit", "to": "Tontatta Kingdom"}
{"action": "migrated", "char": "Inhel", "from": "Tontatta KingdomScouting Unit", "to": "Tontatta Kingdom"}
{"action": "migrated", "char": "Baxcon", "from": "Tontatta KingdomScouting Unit", "to": "Scouting Unit"}
{"action": "migrated", "char": "Cotton", "from": "Tontatta KingdomScouting Unit", "to": "Scouting Unit"}
{"action": "migrated", "char": "Inhel", "from": "Tontatta KingdomScouting Unit", "to": "Scouting Unit"}
{"action": "migrated", "char": "Daikon", "from": "Tontatta KingdomScouting UnitStraw Hat Grand Fleet", "to": "Tontatta Kingdom"}
{"action": "migrated", "char": "Daikon", "from": "Tontatta KingdomScouting UnitStraw Hat Grand Fleet", "to": "Scouting Unit"}
{"action": "migrated", "char": "Daikon", "from": "Tontatta KingdomScouting UnitStraw Hat Grand Fleet", "to": "Straw Hat Grand Fleet"}
{"action": "migrated", "char": "Pellini", "from": "Tontatta KingdomTontatta PiratesStraw Hat Grand Fleet", "to": "Tontatta Kingdom"}
{"action": "migrated", "char": "Pellini", "from": "Tontatta KingdomTontatta PiratesStraw Hat Grand Fleet", "to": "Tontatta Pirates"}
{"action": "migrated", "char": "Pellini", "from": "Tontatta KingdomTontatta PiratesStraw Hat Grand Fleet", "to": "Straw Hat Grand Fleet"}
{"action": "migrated", "char": "Chicory", "from": "Tontatta PiratesStraw Hat Grand Fleet", "to": "Tontatta Pirates"}
{"action": "migrated", "char": "Chicory", "from": "Tontatta PiratesStraw Hat Grand Fleet", "to": "Straw Hat Grand Fleet"}
{"action": "migrated", "char": "Wicca", "from": "Tontatta TribeScouting Unit", "to": "Tontatta Tribe"}
{"action": "migrated", "char": "Wicca", "from": "Tontatta TribeScouting Unit", "to": "Scouting Unit"}
{"action": "migrated", "char": "Koby", "from": "Marines(SWORD), Marine153rd Branch", "to": "Marines"}
{"action": "migrated", "char": "Koby", "from": "Marines(SWORD), Marine153rd Branch", "to": "Marine 153rd Branch"}
{"action": "migrated", "char": "Pudding_Pudding", "from": "Marines, Marine77th Branch", "to": "Marines"}
{"action": "migrated", "char": "Pudding_Pudding", "from": "Marines, Marine77th Branch", "to": "Marine 77th Branch"}
