# Chapter ingestion log
# Run: 2026-04-22T13:39:39.340408
# Mode: --apply
# Chapters: 19

OK    ch=1163  arc=Elbaf Arc  title=Promise
OK    ch=1164  arc=Elbaf Arc  title=Davy Blood
OK    ch=1165  arc=Elbaf Arc  title=Reverberations
OK    ch=1166  arc=Elbaf Arc  title=New Stories
OK    ch=1167  arc=Elbaf Arc  title=Ida's Sons
OK    ch=1168  arc=Elbaf Arc  title=The Snows of Elbaph
OK    ch=1169  arc=Elbaf Arc  title=My Death Cannot Come Soon Enough
OK    ch=1170  arc=Elbaf Arc  title=Contrary
OK    ch=1171  arc=Elbaf Arc  title=Ragnir
OK    ch=1172  arc=Elbaf Arc  title=The Elbaph I Dreamed Of
OK    ch=1173  arc=Elbaf Arc  title=Warrior Generation
OK    ch=1174  arc=Elbaf Arc  title=The Strongest Thing in the World
OK    ch=1175  arc=Elbaf Arc  title=Niddhoggr
OK    ch=1176  arc=Elbaf Arc  title=With Pride
OK    ch=1177  arc=Elbaf Arc  title=Furious
OK    ch=1178  arc=Elbaf Arc  title=Waking From a Nightmare
OK    ch=1179  arc=Elbaf Arc  title=Nerona Imu Descends
OK    ch=1180  arc=Elbaf Arc  title=Omen
OK    ch=1181  arc=Elbaf Arc  title=None
